plugins/plugin-native-appblocker/android/build/intermediates/manifest_merge_blame_file/debug/processDebugManifest/manifest-merger-blame-debug-report.txt
1<?xml version="1.0" encoding="utf-8"?>
2<manifest xmlns:android="http://schemas.android.com/apk/res/android"
3    xmlns:tools="http://schemas.android.com/tools"
4    package="ai.eliza.plugins.appblocker" >
5
6    <uses-sdk android:minSdkVersion="26" />
6-->INJECTED
6-->INJECTED
7
8    <uses-permission
8-->src/main/AndroidManifest.xml:5:5-7:47
9        android:name="android.permission.PACKAGE_USAGE_STATS"
9-->src/main/AndroidManifest.xml:6:9-62
10        tools:ignore="ProtectedPermissions" />
10-->src/main/AndroidManifest.xml:7:9-44
11    <uses-permission android:name="android.permission.SYSTEM_ALERT_WINDOW" />
11-->src/main/AndroidManifest.xml:8:5-78
11-->src/main/AndroidManifest.xml:8:22-75
12    <uses-permission android:name="android.permission.FOREGROUND_SERVICE" />
12-->src/main/AndroidManifest.xml:9:5-77
12-->src/main/AndroidManifest.xml:9:22-74
13    <uses-permission android:name="android.permission.FOREGROUND_SERVICE_SPECIAL_USE" />
13-->src/main/AndroidManifest.xml:10:5-89
13-->src/main/AndroidManifest.xml:10:22-86
14    <uses-permission android:name="android.permission.POST_NOTIFICATIONS" />
14-->src/main/AndroidManifest.xml:11:5-77
14-->src/main/AndroidManifest.xml:11:22-74
15
16    <application>
16-->src/main/AndroidManifest.xml:13:5-23:19
17        <service
17-->src/main/AndroidManifest.xml:14:9-22:19
18            android:name="ai.eliza.plugins.appblocker.AppBlockerForegroundService"
18-->src/main/AndroidManifest.xml:15:13-56
19            android:enabled="true"
19-->src/main/AndroidManifest.xml:16:13-35
20            android:exported="false"
20-->src/main/AndroidManifest.xml:17:13-37
21            android:foregroundServiceType="specialUse" >
21-->src/main/AndroidManifest.xml:18:13-55
22            <property
22-->src/main/AndroidManifest.xml:19:13-21:56
23                android:name="android.app.PROPERTY_SPECIAL_USE_FGS_SUBTYPE"
23-->src/main/AndroidManifest.xml:20:17-76
24                android:value="app_blocking_monitor" />
24-->src/main/AndroidManifest.xml:21:17-53
25        </service>
26    </application>
27
28</manifest>